
> build
> next build

  ▲ Next.js 14.2.5

   Creating an optimized production build ...
 ✓ Compiled successfully
   Linting and checking validity of types ...
   Collecting page data ...
   Generating static pages (0/4) ...
   Generating static pages (1/4) 
   Generating static pages (2/4) 
   Generating static pages (3/4) 
 ✓ Generating static pages (4/4)
   Finalizing page optimization ...
   Collecting build traces ...

Route (app)                              Size     First Load JS
┌ ƒ /                                    37.8 kB         125 kB
└ ○ /_not-found                          871 B            88 kB
+ First Load JS shared by all            87.1 kB
  ├ chunks/23-c3fafa2ddc0f30eb.js        31.5 kB
  ├ chunks/fd9d1056-4a917af64af6b262.js  53.6 kB
  └ other shared chunks (total)          1.92 kB


○  (Static)   prerendered as static content
ƒ  (Dynamic)  server-rendered on demand

